<?xml version="1.0" encoding="utf-8"?><testsuite errors="0" failures="0" name="pytest" skipped="0" tests="6" time="0.134"><testcase classname="pytest1.test_compare" file="pytest1/test_compare.py" line="2" name="test_greater" time="0.003"></testcase><testcase classname="pytest1.test_compare" file="pytest1/test_compare.py" line="6" name="test_greater_equal" time="0.001"></testcase><testcase classname="pytest1.test_compare" file="pytest1/test_compare.py" line="10" name="test_less" time="0.001"></testcase><testcase classname="pytest1.test_square" file="pytest1/test_square.py" line="2" name="test_sqrt" time="0.001"></testcase><testcase classname="pytest1.test_square" file="pytest1/test_square.py" line="6" name="testsquare" time="0.001"></testcase><testcase classname="pytest1.test_square" file="pytest1/test_square.py" line="10" name="testequality" time="0.001"></testcase></testsuite>